[1.061s] Invoking command in '/home/robot/ws_aprendendo_ros2/src/build/pacote_de_exemplos': PYTHONPATH=/home/robot/ws_aprendendo_ros2/src/build/pacote_de_exemplos/prefix_override:/home/robot/ws_aprendendo_ros2/src/install/pacote_de_exemplos/lib/python3.10/site-packages:${PYTHONPATH} /usr/bin/python3 setup.py develop --editable --build-directory /home/robot/ws_aprendendo_ros2/src/build/pacote_de_exemplos/build --no-deps install_data
[1.490s] running develop
[1.735s] running egg_info
[1.736s] writing pacote_de_exemplos.egg-info/PKG-INFO
[1.737s] writing dependency_links to pacote_de_exemplos.egg-info/dependency_links.txt
[1.738s] writing entry points to pacote_de_exemplos.egg-info/entry_points.txt
[1.738s] writing requirements to pacote_de_exemplos.egg-info/requires.txt
[1.739s] writing top-level names to pacote_de_exemplos.egg-info/top_level.txt
[1.740s] reading manifest file 'pacote_de_exemplos.egg-info/SOURCES.txt'
[1.741s] writing manifest file 'pacote_de_exemplos.egg-info/SOURCES.txt'
[1.742s] running build_ext
[1.745s] Creating /home/robot/ws_aprendendo_ros2/src/install/pacote_de_exemplos/lib/python3.10/site-packages/pacote-de-exemplos.egg-link (link to .)
[1.746s] Installing checkpoints script to /home/robot/ws_aprendendo_ros2/src/install/pacote_de_exemplos/lib/pacote_de_exemplos
[1.746s] Installing no_com_classe script to /home/robot/ws_aprendendo_ros2/src/install/pacote_de_exemplos/lib/pacote_de_exemplos
[1.747s] Installing no_simples script to /home/robot/ws_aprendendo_ros2/src/install/pacote_de_exemplos/lib/pacote_de_exemplos
[1.750s] Installing r2d2 script to /home/robot/ws_aprendendo_ros2/src/install/pacote_de_exemplos/lib/pacote_de_exemplos
[1.751s] 
[1.752s] Installed /home/robot/ws_aprendendo_ros2/src/build/pacote_de_exemplos
[1.753s] running install_data
[1.791s] Invoked command in '/home/robot/ws_aprendendo_ros2/src/build/pacote_de_exemplos' returned '0': PYTHONPATH=/home/robot/ws_aprendendo_ros2/src/build/pacote_de_exemplos/prefix_override:/home/robot/ws_aprendendo_ros2/src/install/pacote_de_exemplos/lib/python3.10/site-packages:${PYTHONPATH} /usr/bin/python3 setup.py develop --editable --build-directory /home/robot/ws_aprendendo_ros2/src/build/pacote_de_exemplos/build --no-deps install_data
