[1.154s] Invoking command in '/home/robot/ws_aprendendo_ros2/src/meu_primeiro_pacote': PYTHONPATH=/home/robot/ws_aprendendo_ros2/src/build/meu_primeiro_pacote/prefix_override:/home/robot/ws_aprendendo_ros2/src/install/meu_primeiro_pacote/lib/python3.10/site-packages:${PYTHONPATH} /usr/bin/python3 setup.py egg_info --egg-base ../build/meu_primeiro_pacote build --build-base /home/robot/ws_aprendendo_ros2/src/build/meu_primeiro_pacote/build install --record /home/robot/ws_aprendendo_ros2/src/build/meu_primeiro_pacote/install.log --single-version-externally-managed
[1.646s] running egg_info
[1.648s] creating ../build/meu_primeiro_pacote/meu_primeiro_pacote.egg-info
[1.649s] writing ../build/meu_primeiro_pacote/meu_primeiro_pacote.egg-info/PKG-INFO
[1.714s] writing dependency_links to ../build/meu_primeiro_pacote/meu_primeiro_pacote.egg-info/dependency_links.txt
[1.715s] writing entry points to ../build/meu_primeiro_pacote/meu_primeiro_pacote.egg-info/entry_points.txt
[1.716s] writing requirements to ../build/meu_primeiro_pacote/meu_primeiro_pacote.egg-info/requires.txt
[1.717s] writing top-level names to ../build/meu_primeiro_pacote/meu_primeiro_pacote.egg-info/top_level.txt
[1.720s] writing manifest file '../build/meu_primeiro_pacote/meu_primeiro_pacote.egg-info/SOURCES.txt'
[1.731s] reading manifest file '../build/meu_primeiro_pacote/meu_primeiro_pacote.egg-info/SOURCES.txt'
[1.733s] writing manifest file '../build/meu_primeiro_pacote/meu_primeiro_pacote.egg-info/SOURCES.txt'
[1.734s] running build
[1.735s] running build_py
[1.735s] creating /home/robot/ws_aprendendo_ros2/src/build/meu_primeiro_pacote/build
[1.735s] creating /home/robot/ws_aprendendo_ros2/src/build/meu_primeiro_pacote/build/lib
[1.736s] creating /home/robot/ws_aprendendo_ros2/src/build/meu_primeiro_pacote/build/lib/meu_primeiro_pacote
[1.739s] copying meu_primeiro_pacote/__init__.py -> /home/robot/ws_aprendendo_ros2/src/build/meu_primeiro_pacote/build/lib/meu_primeiro_pacote
[1.739s] copying meu_primeiro_pacote/meu_primeiro_no.py -> /home/robot/ws_aprendendo_ros2/src/build/meu_primeiro_pacote/build/lib/meu_primeiro_pacote
[1.739s] running install
[1.739s] running install_lib
[1.739s] creating /home/robot/ws_aprendendo_ros2/src/install/meu_primeiro_pacote/lib/python3.10/site-packages/meu_primeiro_pacote
[1.739s] copying /home/robot/ws_aprendendo_ros2/src/build/meu_primeiro_pacote/build/lib/meu_primeiro_pacote/__init__.py -> /home/robot/ws_aprendendo_ros2/src/install/meu_primeiro_pacote/lib/python3.10/site-packages/meu_primeiro_pacote
[1.740s] copying /home/robot/ws_aprendendo_ros2/src/build/meu_primeiro_pacote/build/lib/meu_primeiro_pacote/meu_primeiro_no.py -> /home/robot/ws_aprendendo_ros2/src/install/meu_primeiro_pacote/lib/python3.10/site-packages/meu_primeiro_pacote
[1.740s] byte-compiling /home/robot/ws_aprendendo_ros2/src/install/meu_primeiro_pacote/lib/python3.10/site-packages/meu_primeiro_pacote/__init__.py to __init__.cpython-310.pyc
[1.740s] byte-compiling /home/robot/ws_aprendendo_ros2/src/install/meu_primeiro_pacote/lib/python3.10/site-packages/meu_primeiro_pacote/meu_primeiro_no.py to meu_primeiro_no.cpython-310.pyc
[1.740s] running install_data
[1.740s] creating /home/robot/ws_aprendendo_ros2/src/install/meu_primeiro_pacote/share/ament_index
[1.740s] creating /home/robot/ws_aprendendo_ros2/src/install/meu_primeiro_pacote/share/ament_index/resource_index
[1.741s] creating /home/robot/ws_aprendendo_ros2/src/install/meu_primeiro_pacote/share/ament_index/resource_index/packages
[1.743s] copying resource/meu_primeiro_pacote -> /home/robot/ws_aprendendo_ros2/src/install/meu_primeiro_pacote/share/ament_index/resource_index/packages
[1.743s] copying package.xml -> /home/robot/ws_aprendendo_ros2/src/install/meu_primeiro_pacote/share/meu_primeiro_pacote
[1.743s] creating /home/robot/ws_aprendendo_ros2/src/install/meu_primeiro_pacote/share/meu_primeiro_pacote/launch
[1.743s] copying launch/meu_primeiro_launch.py -> /home/robot/ws_aprendendo_ros2/src/install/meu_primeiro_pacote/share/meu_primeiro_pacote/launch
[1.744s] running install_egg_info
[1.745s] Copying ../build/meu_primeiro_pacote/meu_primeiro_pacote.egg-info to /home/robot/ws_aprendendo_ros2/src/install/meu_primeiro_pacote/lib/python3.10/site-packages/meu_primeiro_pacote-0.1.0-py3.10.egg-info
[1.753s] running install_scripts
[1.784s] Installing meu_primeiro_no script to /home/robot/ws_aprendendo_ros2/src/install/meu_primeiro_pacote/lib/meu_primeiro_pacote
[1.786s] writing list of installed files to '/home/robot/ws_aprendendo_ros2/src/build/meu_primeiro_pacote/install.log'
[2.078s] Invoked command in '/home/robot/ws_aprendendo_ros2/src/meu_primeiro_pacote' returned '0': PYTHONPATH=/home/robot/ws_aprendendo_ros2/src/build/meu_primeiro_pacote/prefix_override:/home/robot/ws_aprendendo_ros2/src/install/meu_primeiro_pacote/lib/python3.10/site-packages:${PYTHONPATH} /usr/bin/python3 setup.py egg_info --egg-base ../build/meu_primeiro_pacote build --build-base /home/robot/ws_aprendendo_ros2/src/build/meu_primeiro_pacote/build install --record /home/robot/ws_aprendendo_ros2/src/build/meu_primeiro_pacote/install.log --single-version-externally-managed
