running egg_info
writing ../build/pacotedagi/pacotedagi.egg-info/PKG-INFO
writing dependency_links to ../build/pacotedagi/pacotedagi.egg-info/dependency_links.txt
writing entry points to ../build/pacotedagi/pacotedagi.egg-info/entry_points.txt
writing requirements to ../build/pacotedagi/pacotedagi.egg-info/requires.txt
writing top-level names to ../build/pacotedagi/pacotedagi.egg-info/top_level.txt
reading manifest file '../build/pacotedagi/pacotedagi.egg-info/SOURCES.txt'
writing manifest file '../build/pacotedagi/pacotedagi.egg-info/SOURCES.txt'
running build
running build_py
copying pacotedagi/nodagi.py -> /home/robot/ws_aprendendo_ros2/src/build/pacotedagi/build/lib/pacotedagi
copying pacotedagi/nodagi2.py -> /home/robot/ws_aprendendo_ros2/src/build/pacotedagi/build/lib/pacotedagi
running install
running install_lib
copying /home/robot/ws_aprendendo_ros2/src/build/pacotedagi/build/lib/pacotedagi/nodagi.py -> /home/robot/ws_aprendendo_ros2/src/install/pacotedagi/lib/python3.10/site-packages/pacotedagi
copying /home/robot/ws_aprendendo_ros2/src/build/pacotedagi/build/lib/pacotedagi/nodagi2.py -> /home/robot/ws_aprendendo_ros2/src/install/pacotedagi/lib/python3.10/site-packages/pacotedagi
byte-compiling /home/robot/ws_aprendendo_ros2/src/install/pacotedagi/lib/python3.10/site-packages/pacotedagi/nodagi.py to nodagi.cpython-310.pyc
byte-compiling /home/robot/ws_aprendendo_ros2/src/install/pacotedagi/lib/python3.10/site-packages/pacotedagi/nodagi2.py to nodagi2.cpython-310.pyc
running install_data
copying package.xml -> /home/robot/ws_aprendendo_ros2/src/install/pacotedagi/share/pacotedagi
creating /home/robot/ws_aprendendo_ros2/src/install/pacotedagi/share/pacotedagi/launch
copying launch/launchdagi.py -> /home/robot/ws_aprendendo_ros2/src/install/pacotedagi/share/pacotedagi/launch
running install_egg_info
removing '/home/robot/ws_aprendendo_ros2/src/install/pacotedagi/lib/python3.10/site-packages/pacotedagi-0.0.0-py3.10.egg-info' (and everything under it)
Copying ../build/pacotedagi/pacotedagi.egg-info to /home/robot/ws_aprendendo_ros2/src/install/pacotedagi/lib/python3.10/site-packages/pacotedagi-0.0.0-py3.10.egg-info
running install_scripts
Installing nodagi script to /home/robot/ws_aprendendo_ros2/src/install/pacotedagi/lib/pacotedagi
Installing nodagi2 script to /home/robot/ws_aprendendo_ros2/src/install/pacotedagi/lib/pacotedagi
writing list of installed files to '/home/robot/ws_aprendendo_ros2/src/build/pacotedagi/install.log'
