[1.086s] Invoking command in '/home/robot/ws_aprendendo_ros2/src/pacote_de_exemplos': PYTHONPATH=/home/robot/ws_aprendendo_ros2/src/build/pacote_de_exemplos/prefix_override:/home/robot/ws_aprendendo_ros2/src/install/pacote_de_exemplos/lib/python3.10/site-packages:${PYTHONPATH} /usr/bin/python3 setup.py egg_info --egg-base ../build/pacote_de_exemplos build --build-base /home/robot/ws_aprendendo_ros2/src/build/pacote_de_exemplos/build install --record /home/robot/ws_aprendendo_ros2/src/build/pacote_de_exemplos/install.log --single-version-externally-managed
[1.622s] running egg_info
[1.625s] creating ../build/pacote_de_exemplos/pacote_de_exemplos.egg-info
[1.626s] writing ../build/pacote_de_exemplos/pacote_de_exemplos.egg-info/PKG-INFO
[1.627s] writing dependency_links to ../build/pacote_de_exemplos/pacote_de_exemplos.egg-info/dependency_links.txt
[1.627s] writing entry points to ../build/pacote_de_exemplos/pacote_de_exemplos.egg-info/entry_points.txt
[1.628s] writing requirements to ../build/pacote_de_exemplos/pacote_de_exemplos.egg-info/requires.txt
[1.629s] writing top-level names to ../build/pacote_de_exemplos/pacote_de_exemplos.egg-info/top_level.txt
[1.629s] writing manifest file '../build/pacote_de_exemplos/pacote_de_exemplos.egg-info/SOURCES.txt'
[1.630s] reading manifest file '../build/pacote_de_exemplos/pacote_de_exemplos.egg-info/SOURCES.txt'
[1.632s] writing manifest file '../build/pacote_de_exemplos/pacote_de_exemplos.egg-info/SOURCES.txt'
[1.632s] running build
[1.633s] running build_py
[1.634s] creating /home/robot/ws_aprendendo_ros2/src/build/pacote_de_exemplos/build
[1.635s] creating /home/robot/ws_aprendendo_ros2/src/build/pacote_de_exemplos/build/lib
[1.636s] creating /home/robot/ws_aprendendo_ros2/src/build/pacote_de_exemplos/build/lib/pacote_de_exemplos
[1.637s] copying pacote_de_exemplos/no_com_classe.py -> /home/robot/ws_aprendendo_ros2/src/build/pacote_de_exemplos/build/lib/pacote_de_exemplos
[1.638s] copying pacote_de_exemplos/__init__.py -> /home/robot/ws_aprendendo_ros2/src/build/pacote_de_exemplos/build/lib/pacote_de_exemplos
[1.638s] copying pacote_de_exemplos/no_simples.py -> /home/robot/ws_aprendendo_ros2/src/build/pacote_de_exemplos/build/lib/pacote_de_exemplos
[1.639s] copying pacote_de_exemplos/robot.py -> /home/robot/ws_aprendendo_ros2/src/build/pacote_de_exemplos/build/lib/pacote_de_exemplos
[1.640s] copying pacote_de_exemplos/r2d2.py -> /home/robot/ws_aprendendo_ros2/src/build/pacote_de_exemplos/build/lib/pacote_de_exemplos
[1.641s] copying pacote_de_exemplos/checkpoints.py -> /home/robot/ws_aprendendo_ros2/src/build/pacote_de_exemplos/build/lib/pacote_de_exemplos
[1.641s] running install
[1.642s] running install_lib
[1.643s] creating /home/robot/ws_aprendendo_ros2/src/install/pacote_de_exemplos/lib/python3.10/site-packages/pacote_de_exemplos
[1.644s] copying /home/robot/ws_aprendendo_ros2/src/build/pacote_de_exemplos/build/lib/pacote_de_exemplos/no_com_classe.py -> /home/robot/ws_aprendendo_ros2/src/install/pacote_de_exemplos/lib/python3.10/site-packages/pacote_de_exemplos
[1.644s] copying /home/robot/ws_aprendendo_ros2/src/build/pacote_de_exemplos/build/lib/pacote_de_exemplos/__init__.py -> /home/robot/ws_aprendendo_ros2/src/install/pacote_de_exemplos/lib/python3.10/site-packages/pacote_de_exemplos
[1.644s] copying /home/robot/ws_aprendendo_ros2/src/build/pacote_de_exemplos/build/lib/pacote_de_exemplos/no_simples.py -> /home/robot/ws_aprendendo_ros2/src/install/pacote_de_exemplos/lib/python3.10/site-packages/pacote_de_exemplos
[1.644s] copying /home/robot/ws_aprendendo_ros2/src/build/pacote_de_exemplos/build/lib/pacote_de_exemplos/robot.py -> /home/robot/ws_aprendendo_ros2/src/install/pacote_de_exemplos/lib/python3.10/site-packages/pacote_de_exemplos
[1.645s] copying /home/robot/ws_aprendendo_ros2/src/build/pacote_de_exemplos/build/lib/pacote_de_exemplos/r2d2.py -> /home/robot/ws_aprendendo_ros2/src/install/pacote_de_exemplos/lib/python3.10/site-packages/pacote_de_exemplos
[1.645s] copying /home/robot/ws_aprendendo_ros2/src/build/pacote_de_exemplos/build/lib/pacote_de_exemplos/checkpoints.py -> /home/robot/ws_aprendendo_ros2/src/install/pacote_de_exemplos/lib/python3.10/site-packages/pacote_de_exemplos
[1.645s] byte-compiling /home/robot/ws_aprendendo_ros2/src/install/pacote_de_exemplos/lib/python3.10/site-packages/pacote_de_exemplos/no_com_classe.py to no_com_classe.cpython-310.pyc
[1.645s] byte-compiling /home/robot/ws_aprendendo_ros2/src/install/pacote_de_exemplos/lib/python3.10/site-packages/pacote_de_exemplos/__init__.py to __init__.cpython-310.pyc
[1.645s] byte-compiling /home/robot/ws_aprendendo_ros2/src/install/pacote_de_exemplos/lib/python3.10/site-packages/pacote_de_exemplos/no_simples.py to no_simples.cpython-310.pyc
[1.645s] byte-compiling /home/robot/ws_aprendendo_ros2/src/install/pacote_de_exemplos/lib/python3.10/site-packages/pacote_de_exemplos/robot.py to robot.cpython-310.pyc
[1.654s] byte-compiling /home/robot/ws_aprendendo_ros2/src/install/pacote_de_exemplos/lib/python3.10/site-packages/pacote_de_exemplos/r2d2.py to r2d2.cpython-310.pyc
[1.655s] byte-compiling /home/robot/ws_aprendendo_ros2/src/install/pacote_de_exemplos/lib/python3.10/site-packages/pacote_de_exemplos/checkpoints.py to checkpoints.cpython-310.pyc
[1.656s] running install_data
[1.657s] creating /home/robot/ws_aprendendo_ros2/src/install/pacote_de_exemplos/share/ament_index
[1.658s] creating /home/robot/ws_aprendendo_ros2/src/install/pacote_de_exemplos/share/ament_index/resource_index
[1.660s] creating /home/robot/ws_aprendendo_ros2/src/install/pacote_de_exemplos/share/ament_index/resource_index/packages
[1.661s] copying resource/pacote_de_exemplos -> /home/robot/ws_aprendendo_ros2/src/install/pacote_de_exemplos/share/ament_index/resource_index/packages
[1.662s] copying package.xml -> /home/robot/ws_aprendendo_ros2/src/install/pacote_de_exemplos/share/pacote_de_exemplos
[1.663s] creating /home/robot/ws_aprendendo_ros2/src/install/pacote_de_exemplos/share/pacote_de_exemplos/config
[1.664s] copying config/Default.perspective -> /home/robot/ws_aprendendo_ros2/src/install/pacote_de_exemplos/share/pacote_de_exemplos/config/
[1.665s] creating /home/robot/ws_aprendendo_ros2/src/install/pacote_de_exemplos/share/pacote_de_exemplos/config/map
[1.666s] copying config/map/map.yaml -> /home/robot/ws_aprendendo_ros2/src/install/pacote_de_exemplos/share/pacote_de_exemplos/config/map
[1.667s] copying config/map/map.pgm -> /home/robot/ws_aprendendo_ros2/src/install/pacote_de_exemplos/share/pacote_de_exemplos/config/map
[1.668s] copying config/map/checkpoints.json -> /home/robot/ws_aprendendo_ros2/src/install/pacote_de_exemplos/share/pacote_de_exemplos/config/map
[1.669s] creating /home/robot/ws_aprendendo_ros2/src/install/pacote_de_exemplos/share/pacote_de_exemplos/config/rviz
[1.670s] copying config/rviz/navigation.rviz -> /home/robot/ws_aprendendo_ros2/src/install/pacote_de_exemplos/share/pacote_de_exemplos/config/rviz
[1.672s] copying config/rviz/robot.rviz -> /home/robot/ws_aprendendo_ros2/src/install/pacote_de_exemplos/share/pacote_de_exemplos/config/rviz
[1.673s] copying config/rviz/mapping_cartographer.rviz -> /home/robot/ws_aprendendo_ros2/src/install/pacote_de_exemplos/share/pacote_de_exemplos/config/rviz
[1.674s] copying config/rviz/mapping_slam_toolbox.rviz -> /home/robot/ws_aprendendo_ros2/src/install/pacote_de_exemplos/share/pacote_de_exemplos/config/rviz
[1.675s] creating /home/robot/ws_aprendendo_ros2/src/install/pacote_de_exemplos/share/pacote_de_exemplos/config/nav
[1.677s] copying config/nav/slam_toolbox.yaml -> /home/robot/ws_aprendendo_ros2/src/install/pacote_de_exemplos/share/pacote_de_exemplos/config/nav
[1.678s] copying config/nav/nav2_params.yaml -> /home/robot/ws_aprendendo_ros2/src/install/pacote_de_exemplos/share/pacote_de_exemplos/config/nav
[1.678s] copying config/nav/ekf.yaml -> /home/robot/ws_aprendendo_ros2/src/install/pacote_de_exemplos/share/pacote_de_exemplos/config/nav
[1.679s] copying config/nav/cartographer.lua -> /home/robot/ws_aprendendo_ros2/src/install/pacote_de_exemplos/share/pacote_de_exemplos/config/nav
[1.680s] creating /home/robot/ws_aprendendo_ros2/src/install/pacote_de_exemplos/share/pacote_de_exemplos/launch
[1.682s] copying launch/simulation.launch.py -> /home/robot/ws_aprendendo_ros2/src/install/pacote_de_exemplos/share/pacote_de_exemplos/launch/
[1.683s] copying launch/mapping_cartographer.launch.py -> /home/robot/ws_aprendendo_ros2/src/install/pacote_de_exemplos/share/pacote_de_exemplos/launch/
[1.684s] copying launch/navigation2.launch.py -> /home/robot/ws_aprendendo_ros2/src/install/pacote_de_exemplos/share/pacote_de_exemplos/launch/
[1.684s] copying launch/mapping_slam_toolbox.launch.py -> /home/robot/ws_aprendendo_ros2/src/install/pacote_de_exemplos/share/pacote_de_exemplos/launch/
[1.686s] copying launch/load.launch.py -> /home/robot/ws_aprendendo_ros2/src/install/pacote_de_exemplos/share/pacote_de_exemplos/launch/
[1.687s] copying launch/display.launch.py -> /home/robot/ws_aprendendo_ros2/src/install/pacote_de_exemplos/share/pacote_de_exemplos/launch/
[1.688s] copying launch/navigation.launch.py -> /home/robot/ws_aprendendo_ros2/src/install/pacote_de_exemplos/share/pacote_de_exemplos/launch/
[1.688s] copying launch/turtlebot.launch.py -> /home/robot/ws_aprendendo_ros2/src/install/pacote_de_exemplos/share/pacote_de_exemplos/launch/
[1.689s] copying launch/exemplo.launch.py -> /home/robot/ws_aprendendo_ros2/src/install/pacote_de_exemplos/share/pacote_de_exemplos/launch/
[1.689s] copying launch/load_turtlebot.launch.py -> /home/robot/ws_aprendendo_ros2/src/install/pacote_de_exemplos/share/pacote_de_exemplos/launch/
[1.690s] creating /home/robot/ws_aprendendo_ros2/src/install/pacote_de_exemplos/share/pacote_de_exemplos/simulation
[1.690s] creating /home/robot/ws_aprendendo_ros2/src/install/pacote_de_exemplos/share/pacote_de_exemplos/simulation/worlds
[1.692s] copying simulation/worlds/simple_room.world -> /home/robot/ws_aprendendo_ros2/src/install/pacote_de_exemplos/share/pacote_de_exemplos/simulation/worlds
[1.692s] copying simulation/worlds/simple_room_with_random_boxes.world -> /home/robot/ws_aprendendo_ros2/src/install/pacote_de_exemplos/share/pacote_de_exemplos/simulation/worlds
[1.692s] copying simulation/worlds/simple_room_with_fixed_boxes.world -> /home/robot/ws_aprendendo_ros2/src/install/pacote_de_exemplos/share/pacote_de_exemplos/simulation/worlds
[1.692s] copying simulation/worlds/empty.world -> /home/robot/ws_aprendendo_ros2/src/install/pacote_de_exemplos/share/pacote_de_exemplos/simulation/worlds
[1.693s] creating /home/robot/ws_aprendendo_ros2/src/install/pacote_de_exemplos/share/pacote_de_exemplos/simulation/models
[1.693s] creating /home/robot/ws_aprendendo_ros2/src/install/pacote_de_exemplos/share/pacote_de_exemplos/simulation/models/r2d2
[1.693s] copying simulation/models/r2d2/model.sdf -> /home/robot/ws_aprendendo_ros2/src/install/pacote_de_exemplos/share/pacote_de_exemplos/simulation/models/r2d2
[1.693s] copying simulation/models/r2d2/model.config -> /home/robot/ws_aprendendo_ros2/src/install/pacote_de_exemplos/share/pacote_de_exemplos/simulation/models/r2d2
[1.693s] creating /home/robot/ws_aprendendo_ros2/src/install/pacote_de_exemplos/share/pacote_de_exemplos/simulation/models/wood_square
[1.693s] copying simulation/models/wood_square/model.sdf -> /home/robot/ws_aprendendo_ros2/src/install/pacote_de_exemplos/share/pacote_de_exemplos/simulation/models/wood_square
[1.694s] copying simulation/models/wood_square/model.config -> /home/robot/ws_aprendendo_ros2/src/install/pacote_de_exemplos/share/pacote_de_exemplos/simulation/models/wood_square
[1.694s] creating /home/robot/ws_aprendendo_ros2/src/install/pacote_de_exemplos/share/pacote_de_exemplos/simulation/models/box
[1.694s] copying simulation/models/box/model.sdf -> /home/robot/ws_aprendendo_ros2/src/install/pacote_de_exemplos/share/pacote_de_exemplos/simulation/models/box
[1.694s] copying simulation/models/box/model.config -> /home/robot/ws_aprendendo_ros2/src/install/pacote_de_exemplos/share/pacote_de_exemplos/simulation/models/box
[1.695s] creating /home/robot/ws_aprendendo_ros2/src/install/pacote_de_exemplos/share/pacote_de_exemplos/simulation/models/simple_room
[1.695s] copying simulation/models/simple_room/model.sdf -> /home/robot/ws_aprendendo_ros2/src/install/pacote_de_exemplos/share/pacote_de_exemplos/simulation/models/simple_room
[1.699s] copying simulation/models/simple_room/model.config -> /home/robot/ws_aprendendo_ros2/src/install/pacote_de_exemplos/share/pacote_de_exemplos/simulation/models/simple_room
[1.699s] creating /home/robot/ws_aprendendo_ros2/src/install/pacote_de_exemplos/share/pacote_de_exemplos/urdf
[1.699s] copying urdf/robot.urdf -> /home/robot/ws_aprendendo_ros2/src/install/pacote_de_exemplos/share/pacote_de_exemplos/urdf/
[1.700s] copying urdf/sam_bot_description.urdf -> /home/robot/ws_aprendendo_ros2/src/install/pacote_de_exemplos/share/pacote_de_exemplos/urdf/
[1.700s] copying urdf/myfirstrobot.urdf -> /home/robot/ws_aprendendo_ros2/src/install/pacote_de_exemplos/share/pacote_de_exemplos/urdf/
[1.700s] copying urdf/myfirstrobot.urdf.xacro -> /home/robot/ws_aprendendo_ros2/src/install/pacote_de_exemplos/share/pacote_de_exemplos/urdf/
[1.700s] creating /home/robot/ws_aprendendo_ros2/src/install/pacote_de_exemplos/share/pacote_de_exemplos/urdf/simulation
[1.701s] copying urdf/simulation/gazebo_base.urdf.xacro -> /home/robot/ws_aprendendo_ros2/src/install/pacote_de_exemplos/share/pacote_de_exemplos/urdf/simulation
[1.701s] copying urdf/simulation/imu.urdf.xacro -> /home/robot/ws_aprendendo_ros2/src/install/pacote_de_exemplos/share/pacote_de_exemplos/urdf/simulation
[1.701s] copying urdf/simulation/gazebo_laser.urdf.xacro -> /home/robot/ws_aprendendo_ros2/src/install/pacote_de_exemplos/share/pacote_de_exemplos/urdf/simulation
[1.701s] copying urdf/simulation/gazebo_camera.urdf.xacro -> /home/robot/ws_aprendendo_ros2/src/install/pacote_de_exemplos/share/pacote_de_exemplos/urdf/simulation
[1.701s] creating /home/robot/ws_aprendendo_ros2/src/install/pacote_de_exemplos/share/pacote_de_exemplos/urdf/macros
[1.702s] copying urdf/macros/properties.urdf.xacro -> /home/robot/ws_aprendendo_ros2/src/install/pacote_de_exemplos/share/pacote_de_exemplos/urdf/macros
[1.702s] copying urdf/macros/link_geometry.urdf.xacro -> /home/robot/ws_aprendendo_ros2/src/install/pacote_de_exemplos/share/pacote_de_exemplos/urdf/macros
[1.702s] creating /home/robot/ws_aprendendo_ros2/src/install/pacote_de_exemplos/share/pacote_de_exemplos/urdf/macros/parts
[1.702s] copying urdf/macros/parts/wheel.urdf.xacro -> /home/robot/ws_aprendendo_ros2/src/install/pacote_de_exemplos/share/pacote_de_exemplos/urdf/macros/parts
[1.702s] copying urdf/macros/parts/base.urdf.xacro -> /home/robot/ws_aprendendo_ros2/src/install/pacote_de_exemplos/share/pacote_de_exemplos/urdf/macros/parts
[1.702s] copying urdf/macros/parts/head.urdf.xacro -> /home/robot/ws_aprendendo_ros2/src/install/pacote_de_exemplos/share/pacote_de_exemplos/urdf/macros/parts
[1.703s] copying urdf/macros/parts/leg.urdf.xacro -> /home/robot/ws_aprendendo_ros2/src/install/pacote_de_exemplos/share/pacote_de_exemplos/urdf/macros/parts
[1.703s] running install_egg_info
[1.703s] Copying ../build/pacote_de_exemplos/pacote_de_exemplos.egg-info to /home/robot/ws_aprendendo_ros2/src/install/pacote_de_exemplos/lib/python3.10/site-packages/pacote_de_exemplos-0.0.0-py3.10.egg-info
[1.704s] running install_scripts
[1.712s] Installing checkpoints script to /home/robot/ws_aprendendo_ros2/src/install/pacote_de_exemplos/lib/pacote_de_exemplos
[1.716s] Installing no_com_classe script to /home/robot/ws_aprendendo_ros2/src/install/pacote_de_exemplos/lib/pacote_de_exemplos
[1.716s] Installing no_simples script to /home/robot/ws_aprendendo_ros2/src/install/pacote_de_exemplos/lib/pacote_de_exemplos
[1.716s] Installing r2d2 script to /home/robot/ws_aprendendo_ros2/src/install/pacote_de_exemplos/lib/pacote_de_exemplos
[1.716s] writing list of installed files to '/home/robot/ws_aprendendo_ros2/src/build/pacote_de_exemplos/install.log'
[1.741s] Invoked command in '/home/robot/ws_aprendendo_ros2/src/pacote_de_exemplos' returned '0': PYTHONPATH=/home/robot/ws_aprendendo_ros2/src/build/pacote_de_exemplos/prefix_override:/home/robot/ws_aprendendo_ros2/src/install/pacote_de_exemplos/lib/python3.10/site-packages:${PYTHONPATH} /usr/bin/python3 setup.py egg_info --egg-base ../build/pacote_de_exemplos build --build-base /home/robot/ws_aprendendo_ros2/src/build/pacote_de_exemplos/build install --record /home/robot/ws_aprendendo_ros2/src/build/pacote_de_exemplos/install.log --single-version-externally-managed
