[0.624s] Invoking command in '/home/robot/ws_aprendendo_ros2/src/pacotedagi': PYTHONPATH=/home/robot/ws_aprendendo_ros2/src/build/pacotedagi/prefix_override:/home/robot/ws_aprendendo_ros2/src/install/pacotedagi/lib/python3.10/site-packages:${PYTHONPATH} /usr/bin/python3 setup.py egg_info --egg-base ../build/pacotedagi build --build-base /home/robot/ws_aprendendo_ros2/src/build/pacotedagi/build install --record /home/robot/ws_aprendendo_ros2/src/build/pacotedagi/install.log --single-version-externally-managed
[0.909s] running egg_info
[0.910s] writing ../build/pacotedagi/pacotedagi.egg-info/PKG-INFO
[0.911s] writing dependency_links to ../build/pacotedagi/pacotedagi.egg-info/dependency_links.txt
[0.912s] writing entry points to ../build/pacotedagi/pacotedagi.egg-info/entry_points.txt
[0.913s] writing requirements to ../build/pacotedagi/pacotedagi.egg-info/requires.txt
[0.913s] writing top-level names to ../build/pacotedagi/pacotedagi.egg-info/top_level.txt
[0.914s] reading manifest file '../build/pacotedagi/pacotedagi.egg-info/SOURCES.txt'
[0.915s] writing manifest file '../build/pacotedagi/pacotedagi.egg-info/SOURCES.txt'
[0.916s] running build
[0.916s] running build_py
[0.918s] running install
[0.918s] running install_lib
[0.919s] running install_data
[0.920s] copying launch/launchdagi.py -> /home/robot/ws_aprendendo_ros2/src/install/pacotedagi/share/pacotedagi/launch
[0.920s] running install_egg_info
[0.921s] removing '/home/robot/ws_aprendendo_ros2/src/install/pacotedagi/lib/python3.10/site-packages/pacotedagi-0.0.0-py3.10.egg-info' (and everything under it)
[0.922s] Copying ../build/pacotedagi/pacotedagi.egg-info to /home/robot/ws_aprendendo_ros2/src/install/pacotedagi/lib/python3.10/site-packages/pacotedagi-0.0.0-py3.10.egg-info
[0.923s] running install_scripts
[0.945s] Installing nodagi script to /home/robot/ws_aprendendo_ros2/src/install/pacotedagi/lib/pacotedagi
[0.946s] Installing nodagi2 script to /home/robot/ws_aprendendo_ros2/src/install/pacotedagi/lib/pacotedagi
[0.946s] writing list of installed files to '/home/robot/ws_aprendendo_ros2/src/build/pacotedagi/install.log'
[0.970s] Invoked command in '/home/robot/ws_aprendendo_ros2/src/pacotedagi' returned '0': PYTHONPATH=/home/robot/ws_aprendendo_ros2/src/build/pacotedagi/prefix_override:/home/robot/ws_aprendendo_ros2/src/install/pacotedagi/lib/python3.10/site-packages:${PYTHONPATH} /usr/bin/python3 setup.py egg_info --egg-base ../build/pacotedagi build --build-base /home/robot/ws_aprendendo_ros2/src/build/pacotedagi/build install --record /home/robot/ws_aprendendo_ros2/src/build/pacotedagi/install.log --single-version-externally-managed
